[2015-06-02 18:16:42]	INFO	stats server start
[2015-06-02 18:16:54]	INFO	stats server shutdown
[2015-06-02 18:17:33]	INFO	stats server start
[2015-06-02 18:17:54]	INFO	stats server shutdown
[2015-06-02 18:17:57]	INFO	stats server start
[2015-06-02 18:18:11]	INFO	stats server start
[2015-06-02 18:19:11]	INFO	worker [0] onTimer (60000) time_key : 219 -- 1
[2015-06-02 18:19:16]	INFO	task worker [1] onTimer (65000) time_key : 219 -- 0
[2015-06-02 18:20:11]	INFO	worker [0] onTimer (60000) time_key : 220 -- 2
[2015-06-02 18:20:11]	INFO	[0] task 1000255_5000577_219_219 to 0
[2015-06-02 18:20:21]	INFO	task worker [1] onTimer (65000) time_key : 220 -- 1
[2015-06-02 18:21:11]	INFO	worker [0] onTimer (60000) time_key : 220 -- 1
[2015-06-02 18:21:26]	INFO	task worker [1] onTimer (65000) time_key : 220 -- 1
[2015-06-02 18:22:11]	INFO	worker [0] onTimer (60000) time_key : 220 -- 1
[2015-06-02 18:22:31]	INFO	task worker [1] onTimer (65000) time_key : 220 -- 1
[2015-06-02 18:23:11]	INFO	worker [0] onTimer (60000) time_key : 220 -- 1
[2015-06-02 18:23:36]	INFO	task worker [1] onTimer (65000) time_key : 220 -- 1
[2015-06-02 18:24:11]	INFO	worker [0] onTimer (60000) time_key : 220 -- 1
[2015-06-02 18:24:41]	INFO	task worker [1] onTimer (65000) time_key : 220 -- 1
[2015-06-02 18:25:11]	INFO	worker [0] onTimer (60000) time_key : 221 -- 1
[2015-06-02 18:25:11]	INFO	[0] task 1000255_5000577_220_220 to 0
[2015-06-02 18:25:46]	INFO	task worker [1] onTimer (65000) time_key : 221 -- 2
[2015-06-02 18:25:46]	INFO	task insert 1000255_5000577_219_219 to DB
[2015-06-02 18:26:09]	INFO	stats server shutdown
[2015-06-02 18:26:22]	INFO	stats server start
[2015-06-02 18:27:22]	INFO	worker [0] onTimer (60000) time_key : 221 -- 1
[2015-06-02 18:27:27]	INFO	task worker [1] onTimer (65000) time_key : 221 -- 0
[2015-06-02 18:28:22]	INFO	worker [0] onTimer (60000) time_key : 221 -- 1
[2015-06-02 18:28:32]	INFO	task worker [1] onTimer (65000) time_key : 221 -- 0
[2015-06-02 18:29:22]	INFO	worker [0] onTimer (60000) time_key : 221 -- 1
[2015-06-02 18:29:37]	INFO	task worker [1] onTimer (65000) time_key : 221 -- 0
[2015-06-02 18:30:22]	INFO	worker [0] onTimer (60000) time_key : 222 -- 2
[2015-06-02 18:30:22]	INFO	[0] task 1000255_5000577_221_221 to 0
[2015-06-02 18:30:42]	INFO	task worker [1] onTimer (65000) time_key : 222 -- 1
[2015-06-02 18:31:22]	INFO	worker [0] onTimer (60000) time_key : 222 -- 1
[2015-06-02 18:31:47]	INFO	task worker [1] onTimer (65000) time_key : 222 -- 1
[2015-06-02 18:32:22]	INFO	worker [0] onTimer (60000) time_key : 222 -- 1
[2015-06-02 18:32:52]	INFO	task worker [1] onTimer (65000) time_key : 222 -- 1
[2015-06-02 18:33:22]	INFO	worker [0] onTimer (60000) time_key : 222 -- 1
[2015-06-02 18:33:57]	INFO	task worker [1] onTimer (65000) time_key : 222 -- 1
[2015-06-02 18:34:22]	INFO	worker [0] onTimer (60000) time_key : 222 -- 1
[2015-06-02 18:35:02]	INFO	task worker [1] onTimer (65000) time_key : 223 -- 1
[2015-06-02 18:35:02]	INFO	task insert 1000255_5000577_221_221 to DB
[2015-06-02 18:35:22]	INFO	worker [0] onTimer (60000) time_key : 223 -- 2
[2015-06-02 18:35:22]	INFO	[0] task 1000255_5000577_222_222 to 0
[2015-06-02 18:36:07]	INFO	task worker [1] onTimer (65000) time_key : 223 -- 1
[2015-06-02 18:36:22]	INFO	worker [0] onTimer (60000) time_key : 223 -- 1
[2015-06-02 18:37:12]	INFO	task worker [1] onTimer (65000) time_key : 223 -- 1
[2015-06-02 18:37:22]	INFO	worker [0] onTimer (60000) time_key : 223 -- 1
[2015-06-02 18:38:17]	INFO	task worker [1] onTimer (65000) time_key : 223 -- 1
[2015-06-02 18:38:22]	INFO	worker [0] onTimer (60000) time_key : 223 -- 1
[2015-06-02 18:39:22]	INFO	task worker [1] onTimer (65000) time_key : 223 -- 1
[2015-06-02 18:39:22]	INFO	worker [0] onTimer (60000) time_key : 223 -- 1
[2015-06-02 18:40:22]	INFO	worker [0] onTimer (60000) time_key : 224 -- 1
[2015-06-02 18:40:22]	INFO	[0] task 1000255_5000577_223_223 to 0
[2015-06-02 18:40:27]	INFO	task worker [1] onTimer (65000) time_key : 224 -- 2
[2015-06-02 18:40:27]	INFO	task insert 1000255_5000577_222_222 to DB
[2015-06-02 18:41:22]	INFO	worker [0] onTimer (60000) time_key : 224 -- 0
[2015-06-02 18:41:32]	INFO	task worker [1] onTimer (65000) time_key : 224 -- 1
[2015-06-02 18:42:22]	INFO	worker [0] onTimer (60000) time_key : 224 -- 1
[2015-06-02 18:42:37]	INFO	task worker [1] onTimer (65000) time_key : 224 -- 1
[2015-06-02 18:43:22]	INFO	worker [0] onTimer (60000) time_key : 224 -- 1
[2015-06-02 18:43:42]	INFO	task worker [1] onTimer (65000) time_key : 224 -- 1
[2015-06-02 18:44:22]	INFO	worker [0] onTimer (60000) time_key : 224 -- 1
[2015-06-02 18:44:47]	INFO	task worker [1] onTimer (65000) time_key : 224 -- 1
[2015-06-02 18:45:22]	INFO	worker [0] onTimer (60000) time_key : 225 -- 2
[2015-06-02 18:45:22]	INFO	[0] task 1000255_5000577_224_224 to 0
[2015-06-02 18:45:52]	INFO	task worker [1] onTimer (65000) time_key : 225 -- 2
[2015-06-02 18:45:52]	INFO	task insert 1000255_5000577_223_223 to DB
[2015-06-02 18:46:22]	INFO	worker [0] onTimer (60000) time_key : 225 -- 1
[2015-06-02 18:46:57]	INFO	task worker [1] onTimer (65000) time_key : 225 -- 1
[2015-06-02 18:47:22]	INFO	worker [0] onTimer (60000) time_key : 225 -- 1
[2015-06-02 18:48:02]	INFO	task worker [1] onTimer (65000) time_key : 225 -- 1
[2015-06-02 18:48:22]	INFO	worker [0] onTimer (60000) time_key : 225 -- 1
[2015-06-02 18:49:07]	INFO	task worker [1] onTimer (65000) time_key : 225 -- 1
[2015-06-02 18:49:22]	INFO	worker [0] onTimer (60000) time_key : 225 -- 1
[2015-06-02 18:50:12]	INFO	task worker [1] onTimer (65000) time_key : 226 -- 1
[2015-06-02 18:50:12]	INFO	task insert 1000255_5000577_224_224 to DB
[2015-06-02 18:50:22]	INFO	worker [0] onTimer (60000) time_key : 226 -- 1
[2015-06-02 18:50:22]	INFO	[0] task 1000255_5000577_225_225 to 0
[2015-06-02 18:51:17]	INFO	task worker [1] onTimer (65000) time_key : 226 -- 1
[2015-06-02 18:51:22]	INFO	worker [0] onTimer (60000) time_key : 226 -- 0
[2015-06-02 18:52:22]	INFO	task worker [1] onTimer (65000) time_key : 226 -- 1
[2015-06-02 18:52:22]	INFO	worker [0] onTimer (60000) time_key : 226 -- 0
[2015-06-02 18:53:22]	INFO	worker [0] onTimer (60000) time_key : 226 -- 0
[2015-06-02 18:53:27]	INFO	task worker [1] onTimer (65000) time_key : 226 -- 1
[2015-06-02 18:54:22]	INFO	worker [0] onTimer (60000) time_key : 226 -- 0
[2015-06-02 18:54:32]	INFO	task worker [1] onTimer (65000) time_key : 226 -- 1
[2015-06-02 18:55:22]	INFO	worker [0] onTimer (60000) time_key : 227 -- 0
[2015-06-02 18:55:37]	INFO	task worker [1] onTimer (65000) time_key : 227 -- 1
[2015-06-02 18:55:37]	INFO	task insert 1000255_5000577_225_225 to DB
[2015-06-02 18:56:22]	INFO	worker [0] onTimer (60000) time_key : 227 -- 0
[2015-06-02 18:56:42]	INFO	task worker [1] onTimer (65000) time_key : 227 -- 0
[2015-06-02 18:57:22]	INFO	worker [0] onTimer (60000) time_key : 227 -- 0
[2015-06-02 18:57:47]	INFO	task worker [1] onTimer (65000) time_key : 227 -- 0
[2015-06-02 18:58:22]	INFO	worker [0] onTimer (60000) time_key : 227 -- 0
[2015-06-02 18:58:52]	INFO	task worker [1] onTimer (65000) time_key : 227 -- 0
[2015-06-02 18:59:22]	INFO	worker [0] onTimer (60000) time_key : 227 -- 0
[2015-06-02 18:59:57]	INFO	task worker [1] onTimer (65000) time_key : 227 -- 0
[2015-06-02 19:00:22]	INFO	worker [0] onTimer (60000) time_key : 228 -- 0
[2015-06-02 19:01:02]	INFO	task worker [1] onTimer (65000) time_key : 228 -- 0
[2015-06-02 19:01:22]	INFO	worker [0] onTimer (60000) time_key : 228 -- 0
[2015-06-02 19:02:07]	INFO	task worker [1] onTimer (65000) time_key : 228 -- 0
[2015-06-02 19:02:22]	INFO	worker [0] onTimer (60000) time_key : 228 -- 0
[2015-06-02 19:03:12]	INFO	task worker [1] onTimer (65000) time_key : 228 -- 0
[2015-06-02 19:03:22]	INFO	worker [0] onTimer (60000) time_key : 228 -- 0
[2015-06-02 19:04:17]	INFO	task worker [1] onTimer (65000) time_key : 228 -- 0
[2015-06-02 19:04:22]	INFO	worker [0] onTimer (60000) time_key : 228 -- 0
[2015-06-02 19:05:22]	INFO	task worker [1] onTimer (65000) time_key : 229 -- 0
[2015-06-02 19:05:22]	INFO	worker [0] onTimer (60000) time_key : 229 -- 0
[2015-06-02 19:06:22]	INFO	worker [0] onTimer (60000) time_key : 229 -- 0
[2015-06-02 19:06:27]	INFO	task worker [1] onTimer (65000) time_key : 229 -- 0
[2015-06-02 19:07:22]	INFO	worker [0] onTimer (60000) time_key : 229 -- 0
[2015-06-02 19:07:32]	INFO	task worker [1] onTimer (65000) time_key : 229 -- 0
[2015-06-02 19:08:22]	INFO	worker [0] onTimer (60000) time_key : 229 -- 0
[2015-06-02 19:08:37]	INFO	task worker [1] onTimer (65000) time_key : 229 -- 0
[2015-06-02 19:09:22]	INFO	worker [0] onTimer (60000) time_key : 229 -- 0
[2015-06-02 19:09:42]	INFO	task worker [1] onTimer (65000) time_key : 229 -- 0
[2015-06-02 19:10:22]	INFO	worker [0] onTimer (60000) time_key : 230 -- 0
[2015-06-02 19:10:47]	INFO	task worker [1] onTimer (65000) time_key : 230 -- 0
[2015-06-02 19:11:22]	INFO	worker [0] onTimer (60000) time_key : 230 -- 0
[2015-06-02 19:11:52]	INFO	task worker [1] onTimer (65000) time_key : 230 -- 0
[2015-06-02 19:12:22]	INFO	worker [0] onTimer (60000) time_key : 230 -- 0
[2015-06-02 19:12:57]	INFO	task worker [1] onTimer (65000) time_key : 230 -- 0
[2015-06-02 19:13:22]	INFO	worker [0] onTimer (60000) time_key : 230 -- 0
[2015-06-02 19:14:02]	INFO	task worker [1] onTimer (65000) time_key : 230 -- 0
[2015-06-02 19:14:22]	INFO	worker [0] onTimer (60000) time_key : 230 -- 0
[2015-06-02 19:15:07]	INFO	task worker [1] onTimer (65000) time_key : 231 -- 0
[2015-06-02 19:15:22]	INFO	worker [0] onTimer (60000) time_key : 231 -- 0
[2015-06-02 19:16:12]	INFO	task worker [1] onTimer (65000) time_key : 231 -- 0
[2015-06-02 19:16:22]	INFO	worker [0] onTimer (60000) time_key : 231 -- 0
[2015-06-02 19:17:17]	INFO	task worker [1] onTimer (65000) time_key : 231 -- 0
[2015-06-02 19:17:22]	INFO	worker [0] onTimer (60000) time_key : 231 -- 0
[2015-06-02 19:18:22]	INFO	task worker [1] onTimer (65000) time_key : 231 -- 0
[2015-06-02 19:18:22]	INFO	worker [0] onTimer (60000) time_key : 231 -- 0
[2015-06-02 19:19:22]	INFO	worker [0] onTimer (60000) time_key : 231 -- 0
[2015-06-02 19:19:27]	INFO	task worker [1] onTimer (65000) time_key : 231 -- 0
[2015-06-02 19:20:22]	INFO	worker [0] onTimer (60000) time_key : 232 -- 0
[2015-06-02 19:20:32]	INFO	task worker [1] onTimer (65000) time_key : 232 -- 0
[2015-06-02 19:21:22]	INFO	worker [0] onTimer (60000) time_key : 232 -- 0
[2015-06-02 19:21:37]	INFO	task worker [1] onTimer (65000) time_key : 232 -- 0
[2015-06-02 19:22:22]	INFO	worker [0] onTimer (60000) time_key : 232 -- 0
[2015-06-02 19:22:42]	INFO	task worker [1] onTimer (65000) time_key : 232 -- 0
[2015-06-02 19:23:22]	INFO	worker [0] onTimer (60000) time_key : 232 -- 0
[2015-06-02 19:23:47]	INFO	task worker [1] onTimer (65000) time_key : 232 -- 0
[2015-06-02 19:24:22]	INFO	worker [0] onTimer (60000) time_key : 232 -- 0
[2015-06-02 19:24:52]	INFO	task worker [1] onTimer (65000) time_key : 232 -- 0
[2015-06-02 19:25:22]	INFO	worker [0] onTimer (60000) time_key : 233 -- 0
[2015-06-02 19:25:57]	INFO	task worker [1] onTimer (65000) time_key : 233 -- 0
[2015-06-02 19:26:22]	INFO	worker [0] onTimer (60000) time_key : 233 -- 0
[2015-06-02 19:27:02]	INFO	task worker [1] onTimer (65000) time_key : 233 -- 0
[2015-06-02 19:27:22]	INFO	worker [0] onTimer (60000) time_key : 233 -- 0
[2015-06-02 19:28:07]	INFO	task worker [1] onTimer (65000) time_key : 233 -- 0
[2015-06-02 19:28:22]	INFO	worker [0] onTimer (60000) time_key : 233 -- 0
[2015-06-02 19:29:12]	INFO	task worker [1] onTimer (65000) time_key : 233 -- 0
[2015-06-02 19:29:22]	INFO	worker [0] onTimer (60000) time_key : 233 -- 0
[2015-06-02 19:30:17]	INFO	task worker [1] onTimer (65000) time_key : 234 -- 0
[2015-06-02 19:30:22]	INFO	worker [0] onTimer (60000) time_key : 234 -- 0
[2015-06-02 19:31:22]	INFO	task worker [1] onTimer (65000) time_key : 234 -- 0
[2015-06-02 19:31:22]	INFO	worker [0] onTimer (60000) time_key : 234 -- 0
[2015-06-02 19:32:22]	INFO	worker [0] onTimer (60000) time_key : 234 -- 0
[2015-06-02 19:32:27]	INFO	task worker [1] onTimer (65000) time_key : 234 -- 0
[2015-06-02 19:33:22]	INFO	worker [0] onTimer (60000) time_key : 234 -- 0
[2015-06-02 19:33:32]	INFO	task worker [1] onTimer (65000) time_key : 234 -- 0
[2015-06-02 19:34:22]	INFO	worker [0] onTimer (60000) time_key : 234 -- 0
[2015-06-02 19:34:37]	INFO	task worker [1] onTimer (65000) time_key : 234 -- 0
[2015-06-02 19:35:22]	INFO	worker [0] onTimer (60000) time_key : 235 -- 0
[2015-06-02 19:35:42]	INFO	task worker [1] onTimer (65000) time_key : 235 -- 0
[2015-06-02 19:36:22]	INFO	worker [0] onTimer (60000) time_key : 235 -- 0
[2015-06-02 19:36:47]	INFO	task worker [1] onTimer (65000) time_key : 235 -- 0
[2015-06-02 19:37:22]	INFO	worker [0] onTimer (60000) time_key : 235 -- 0
[2015-06-02 19:37:52]	INFO	task worker [1] onTimer (65000) time_key : 235 -- 0
[2015-06-02 19:38:22]	INFO	worker [0] onTimer (60000) time_key : 235 -- 0
[2015-06-02 19:38:57]	INFO	task worker [1] onTimer (65000) time_key : 235 -- 0
[2015-06-02 19:39:22]	INFO	worker [0] onTimer (60000) time_key : 235 -- 0
[2015-06-02 19:40:02]	INFO	task worker [1] onTimer (65000) time_key : 236 -- 0
[2015-06-02 19:40:22]	INFO	worker [0] onTimer (60000) time_key : 236 -- 0
[2015-06-02 19:41:07]	INFO	task worker [1] onTimer (65000) time_key : 236 -- 0
[2015-06-02 19:41:22]	INFO	worker [0] onTimer (60000) time_key : 236 -- 0
[2015-06-02 19:42:12]	INFO	task worker [1] onTimer (65000) time_key : 236 -- 0
[2015-06-02 19:42:22]	INFO	worker [0] onTimer (60000) time_key : 236 -- 0
[2015-06-02 19:43:17]	INFO	task worker [1] onTimer (65000) time_key : 236 -- 0
[2015-06-02 19:43:22]	INFO	worker [0] onTimer (60000) time_key : 236 -- 0
[2015-06-02 19:44:22]	INFO	task worker [1] onTimer (65000) time_key : 236 -- 0
[2015-06-02 19:44:22]	INFO	worker [0] onTimer (60000) time_key : 236 -- 0
[2015-06-02 19:45:22]	INFO	worker [0] onTimer (60000) time_key : 237 -- 0
[2015-06-02 19:45:27]	INFO	task worker [1] onTimer (65000) time_key : 237 -- 0
[2015-06-02 19:46:22]	INFO	worker [0] onTimer (60000) time_key : 237 -- 0
[2015-06-02 19:46:32]	INFO	task worker [1] onTimer (65000) time_key : 237 -- 0
[2015-06-02 19:47:22]	INFO	worker [0] onTimer (60000) time_key : 237 -- 0
[2015-06-02 19:47:37]	INFO	task worker [1] onTimer (65000) time_key : 237 -- 0
[2015-06-02 19:48:22]	INFO	worker [0] onTimer (60000) time_key : 237 -- 0
[2015-06-02 19:48:42]	INFO	task worker [1] onTimer (65000) time_key : 237 -- 0
[2015-06-02 19:49:22]	INFO	worker [0] onTimer (60000) time_key : 237 -- 0
[2015-06-02 19:49:47]	INFO	task worker [1] onTimer (65000) time_key : 237 -- 0
[2015-06-02 19:50:22]	INFO	worker [0] onTimer (60000) time_key : 238 -- 0
[2015-06-02 19:50:52]	INFO	task worker [1] onTimer (65000) time_key : 238 -- 0
[2015-06-02 19:51:22]	INFO	worker [0] onTimer (60000) time_key : 238 -- 0
[2015-06-02 19:51:57]	INFO	task worker [1] onTimer (65000) time_key : 238 -- 0
[2015-06-02 19:52:22]	INFO	worker [0] onTimer (60000) time_key : 238 -- 0
[2015-06-02 19:53:02]	INFO	task worker [1] onTimer (65000) time_key : 238 -- 0
[2015-06-02 19:53:22]	INFO	worker [0] onTimer (60000) time_key : 238 -- 0
[2015-06-02 19:54:07]	INFO	task worker [1] onTimer (65000) time_key : 238 -- 0
[2015-06-02 19:54:22]	INFO	worker [0] onTimer (60000) time_key : 238 -- 0
[2015-06-02 19:55:12]	INFO	task worker [1] onTimer (65000) time_key : 239 -- 0
[2015-06-02 19:55:22]	INFO	worker [0] onTimer (60000) time_key : 239 -- 0
[2015-06-02 19:56:17]	INFO	task worker [1] onTimer (65000) time_key : 239 -- 0
[2015-06-02 19:56:22]	INFO	worker [0] onTimer (60000) time_key : 239 -- 0
[2015-06-02 19:57:22]	INFO	task worker [1] onTimer (65000) time_key : 239 -- 0
[2015-06-02 19:57:22]	INFO	worker [0] onTimer (60000) time_key : 239 -- 0
[2015-06-02 19:58:22]	INFO	worker [0] onTimer (60000) time_key : 239 -- 0
[2015-06-02 19:58:27]	INFO	task worker [1] onTimer (65000) time_key : 239 -- 0
[2015-06-02 19:59:22]	INFO	worker [0] onTimer (60000) time_key : 239 -- 0
[2015-06-02 19:59:32]	INFO	task worker [1] onTimer (65000) time_key : 239 -- 0
[2015-06-02 20:00:22]	INFO	worker [0] onTimer (60000) time_key : 240 -- 0
[2015-06-02 20:00:37]	INFO	task worker [1] onTimer (65000) time_key : 240 -- 0
[2015-06-02 20:01:22]	INFO	worker [0] onTimer (60000) time_key : 240 -- 0
[2015-06-02 20:01:42]	INFO	task worker [1] onTimer (65000) time_key : 240 -- 0
[2015-06-02 20:02:22]	INFO	worker [0] onTimer (60000) time_key : 240 -- 0
[2015-06-02 20:02:47]	INFO	task worker [1] onTimer (65000) time_key : 240 -- 0
[2015-06-02 20:03:22]	INFO	worker [0] onTimer (60000) time_key : 240 -- 0
[2015-06-02 20:03:52]	INFO	task worker [1] onTimer (65000) time_key : 240 -- 0
[2015-06-02 20:04:22]	INFO	worker [0] onTimer (60000) time_key : 240 -- 0
[2015-06-02 20:04:57]	INFO	task worker [1] onTimer (65000) time_key : 240 -- 0
[2015-06-02 20:05:22]	INFO	worker [0] onTimer (60000) time_key : 241 -- 0
[2015-06-02 20:06:02]	INFO	task worker [1] onTimer (65000) time_key : 241 -- 0
[2015-06-02 20:06:22]	INFO	worker [0] onTimer (60000) time_key : 241 -- 0
[2015-06-02 20:07:07]	INFO	task worker [1] onTimer (65000) time_key : 241 -- 0
[2015-06-02 20:07:22]	INFO	worker [0] onTimer (60000) time_key : 241 -- 0
[2015-06-02 20:08:12]	INFO	task worker [1] onTimer (65000) time_key : 241 -- 0
